2022-09-27 23:07:47 +0800 , “Bowen_Liu”: Add expert system
2022-09-27 08:33:23 +0800 , “Bowen_Liu”: 1. Fix bug of uct player choose white
2022-09-26 12:05:44 +0800 , “Bowen_Liu”: 1. Change test funciton 2. Add trainning notebook
2022-09-26 09:49:30 +0800 , “Bowen_Liu”: 1. Fix bug 2. Add test and write database funciton
2022-09-25 13:54:46 +0800 , “Bowen_Liu”: Revise game rule. Finish when both  2players cant move, not only 1 player
2022-09-25 00:38:04 +0800 , “Bowen_Liu”: 1. Revise change uct param function
2022-09-24 23:03:47 +0800 , “Bowen_Liu”: 1. Add minpos greedy strategy code
2022-09-24 22:48:34 +0800 , “Bowen_Liu”: 1. Add choose COM strategy function
2022-09-24 20:36:57 +0800 , “Bowen_Liu”: 1. Revise show time funciton
2022-09-24 19:59:33 +0800 , “Bowen_Liu”: 1. Change code organization to achieve COM vs. COM, (dispather and Player class)
2022-09-24 16:41:01 +0800 , “Bowen_Liu”: 1. Change icon
2022-09-24 16:31:25 +0800 , “Bowen_Liu”: 1. Fix com color incorrect bug. 2. Change focus player style.
2022-09-24 16:04:54 +0800 , “Bowen_Liu”: 1. Fix event process fail issue. 2. Set default cursor in menu.
2022-09-24 13:05:39 +0800 , “Bowen_Liu”: 1. Add sub menu. 2. Disable board mouse event when menu showed
2022-09-24 00:39:57 +0800 , “Bowen_Liu”: Achieve set parameter while playing
2022-09-23 23:55:48 +0800 , “Bowen_Liu”: Add menu set param item
2022-09-23 21:42:03 +0800 , “Bowen_Liu”: Adjust show consumed time function
2022-09-23 16:03:59 +0800 , “Bowen_Liu”: 1. Divorce ui and state code. 2. Achieve kepp alived multiprocess function
2022-09-23 09:08:19 +0800 , “Bowen_Liu”: Add show time function of each step
2022-09-22 20:59:35 +0800 , “Bowen_Liu”: Add COM. thinking text
2022-09-22 01:30:28 +0800 , “Bowen_Liu”: 1. Add time out. 2. Add multi Processor
2022-09-19 12:58:44 +0800 , “Bowen_Liu”: 1. Fix bug. 2. Add 1P vs. com. function
2022-09-19 10:01:39 +0800 , “Bowen_Liu”: 1. Add UCT code. (It works incorrectly)  2. Change mouse cursor
2022-09-18 15:27:04 +0800 , “Bowen_Liu”: Change code style to Class Mode
2022-09-18 14:04:55 +0800 , “Bowen_Liu”: 1. Add menu. 2. optimize files organization
2022-09-10 15:21:06 +0800 , “Bowen_Liu”: Init version.  achive basic play chess function